<?xml version="1.0" encoding="UTF-8"?>
<!-- Generated by org.testng.reporters.JUnitXMLReporter -->
<testsuite hostname="k3mShIrOs-MacBook-Pro.local" name="Default test" tests="5" failures="0" timestamp="2 Dec 2020 12:34:58 GMT" time="402.182" errors="0">
  <testcase name="TC_01_Button" time="14.898" classname="webdriver.Topic_08_Button_Radio_Checkbox"/>
  <testcase name="TC_02_Checkbox_Select_All" time="124.513" classname="webdriver.Topic_08_Button_Radio_Checkbox"/>
  <testcase name="TC_03_Checkbox_Custom" time="260.438" classname="webdriver.Topic_08_Button_Radio_Checkbox"/>
  <testcase name="TC_04_Checkbox_Default" time="0.001" classname="webdriver.Topic_08_Button_Radio_Checkbox"/>
  <testcase name="TC_05_Radio" time="0.001" classname="webdriver.Topic_08_Button_Radio_Checkbox"/>
</testsuite> <!-- Default test -->
