<?xml version="1.0" encoding="UTF-8"?>
<!-- Generated by org.testng.reporters.JUnitXMLReporter -->
<testsuite hostname="k3mShIrOs-MBP" name="Default test" tests="4" failures="0" timestamp="27 Sep 2020 15:10:58 GMT" time="59.991" errors="0">
  <testcase name="TC_01" time="3.692" classname="webdriver.Topic_02_Exercise_Xpath_CSS"/>
  <testcase name="TC_02" time="3.443" classname="webdriver.Topic_02_Exercise_Xpath_CSS"/>
  <testcase name="TC_03" time="5.088" classname="webdriver.Topic_02_Exercise_Xpath_CSS"/>
  <testcase name="TC_04" time="7.514" classname="webdriver.Topic_02_Exercise_Xpath_CSS"/>
</testsuite> <!-- Default test -->
