<?xml version="1.0" encoding="UTF-8"?>
<testng-results skipped="0" failed="0" total="1" passed="1">
  <reporter-output>
  </reporter-output>
  <suite name="Default suite" duration-ms="11352" started-at="2020-10-22T07:32:51Z" finished-at="2020-10-22T07:33:03Z">
    <groups>
    </groups>
    <test name="Default test" duration-ms="11352" started-at="2020-10-22T07:32:51Z" finished-at="2020-10-22T07:33:03Z">
      <class name="webdriver.Topic_06_Default_Dropdown">
        <test-method status="PASS" signature="beforeClass()[pri:0, instance:webdriver.Topic_06_Default_Dropdown@58651fd0]" name="beforeClass" is-config="true" duration-ms="4996" started-at="2020-10-22T14:32:51Z" finished-at="2020-10-22T14:32:56Z">
          <reporter-output>
          </reporter-output>
        </test-method> <!-- beforeClass -->
        <test-method status="PASS" signature="Register()[pri:0, instance:webdriver.Topic_06_Default_Dropdown@58651fd0]" name="Register" duration-ms="6275" started-at="2020-10-22T14:32:56Z" finished-at="2020-10-22T14:33:03Z">
          <reporter-output>
          </reporter-output>
        </test-method> <!-- Register -->
        <test-method status="PASS" signature="afterClass()[pri:0, instance:webdriver.Topic_06_Default_Dropdown@58651fd0]" name="afterClass" is-config="true" duration-ms="75" started-at="2020-10-22T14:33:03Z" finished-at="2020-10-22T14:33:03Z">
          <reporter-output>
          </reporter-output>
        </test-method> <!-- afterClass -->
      </class> <!-- webdriver.Topic_06_Default_Dropdown -->
    </test> <!-- Default test -->
  </suite> <!-- Default suite -->
</testng-results>
